Performing C SOURCE FILE Test CMAKE_HAVE_LIBC_PTHREAD failed with the following output:
Change Dir: /media/oz26/Oz/Robotics/te3001b/Beginner_Tutorials/catkin_ws/build/CMakeFiles/CMakeTmp

Run Build Command(s):/usr/bin/gmake cmTC_bb408/fast && /usr/bin/gmake -f CMakeFiles/cmTC_bb408.dir/build.make CMakeFiles/cmTC_bb408.dir/build
gmake[1]: Entering directory '/media/oz26/Oz/Robotics/te3001b/Beginner_Tutorials/catkin_ws/build/CMakeFiles/CMakeTmp'
Building C object CMakeFiles/cmTC_bb408.dir/src.c.o
/usr/bin/cc   -DCMAKE_HAVE_LIBC_PTHREAD   -o CMakeFiles/cmTC_bb408.dir/src.c.o   -c /media/oz26/Oz/Robotics/te3001b/Beginner_Tutorials/catkin_ws/build/CMakeFiles/CMakeTmp/src.c
Linking C executable cmTC_bb408
/usr/bin/cmake -E cmake_link_script CMakeFiles/cmTC_bb408.dir/link.txt --verbose=1
/usr/bin/cc  -DCMAKE_HAVE_LIBC_PTHREAD    -rdynamic CMakeFiles/cmTC_bb408.dir/src.c.o  -o cmTC_bb408 
/usr/bin/ld: CMakeFiles/cmTC_bb408.dir/src.c.o: in function `main':
src.c:(.text+0x46): undefined reference to `pthread_create'
/usr/bin/ld: src.c:(.text+0x52): undefined reference to `pthread_detach'
/usr/bin/ld: src.c:(.text+0x63): undefined reference to `pthread_join'
collect2: error: ld returned 1 exit status
gmake[1]: *** [CMakeFiles/cmTC_bb408.dir/build.make:87: cmTC_bb408] Error 1
gmake[1]: Leaving directory '/media/oz26/Oz/Robotics/te3001b/Beginner_Tutorials/catkin_ws/build/CMakeFiles/CMakeTmp'
gmake: *** [Makefile:121: cmTC_bb408/fast] Error 2


Source file was:
#include <pthread.h>

void* test_func(void* data)
{
  return data;
}

int main(void)
{
  pthread_t thread;
  pthread_create(&thread, NULL, test_func, NULL);
  pthread_detach(thread);
  pthread_join(thread, NULL);
  pthread_atfork(NULL, NULL, NULL);
  pthread_exit(NULL);

  return 0;
}

Determining if the function pthread_create exists in the pthreads failed with the following output:
Change Dir: /media/oz26/Oz/Robotics/te3001b/Beginner_Tutorials/catkin_ws/build/CMakeFiles/CMakeTmp

Run Build Command(s):/usr/bin/gmake cmTC_de867/fast && /usr/bin/gmake -f CMakeFiles/cmTC_de867.dir/build.make CMakeFiles/cmTC_de867.dir/build
gmake[1]: Entering directory '/media/oz26/Oz/Robotics/te3001b/Beginner_Tutorials/catkin_ws/build/CMakeFiles/CMakeTmp'
Building C object CMakeFiles/cmTC_de867.dir/CheckFunctionExists.c.o
/usr/bin/cc   -DCHECK_FUNCTION_EXISTS=pthread_create   -o CMakeFiles/cmTC_de867.dir/CheckFunctionExists.c.o   -c /usr/share/cmake-3.16/Modules/CheckFunctionExists.c
Linking C executable cmTC_de867
/usr/bin/cmake -E cmake_link_script CMakeFiles/cmTC_de867.dir/link.txt --verbose=1
/usr/bin/cc  -DCHECK_FUNCTION_EXISTS=pthread_create    -rdynamic CMakeFiles/cmTC_de867.dir/CheckFunctionExists.c.o  -o cmTC_de867  -lpthreads 
/usr/bin/ld: cannot find -lpthreads
collect2: error: ld returned 1 exit status
gmake[1]: *** [CMakeFiles/cmTC_de867.dir/build.make:87: cmTC_de867] Error 1
gmake[1]: Leaving directory '/media/oz26/Oz/Robotics/te3001b/Beginner_Tutorials/catkin_ws/build/CMakeFiles/CMakeTmp'
gmake: *** [Makefile:121: cmTC_de867/fast] Error 2



